\BOOKMARK [1][-]{section.1}{Problem Statement}{}% 1
\BOOKMARK [1][-]{section.2}{Methods}{}% 2
\BOOKMARK [1][-]{section.3}{Ethics in Games}{}% 3
\BOOKMARK [1][-]{section.4}{Expected Effect from Loss of Player Agency}{}% 4
\BOOKMARK [1][-]{section.5}{Game Design Considerations}{}% 5
\BOOKMARK [2][-]{subsection.5.1}{Game Features}{section.5}% 6
\BOOKMARK [2][-]{subsection.5.2}{Covering Prototype Limitations}{section.5}% 7
\BOOKMARK [2][-]{subsection.5.3}{Lack of Player Agency in Fights}{section.5}% 8
\BOOKMARK [2][-]{subsection.5.4}{Battle System}{section.5}% 9
\BOOKMARK [2][-]{subsection.5.5}{Actions Between Fights}{section.5}% 10
\BOOKMARK [1][-]{section.6}{Testing}{}% 11
\BOOKMARK [2][-]{subsection.6.1}{Method}{section.6}% 12
\BOOKMARK [2][-]{subsection.6.2}{Sessions}{section.6}% 13
\BOOKMARK [2][-]{subsection.6.3}{Results}{section.6}% 14
\BOOKMARK [2][-]{subsection.6.4}{Discussion}{section.6}% 15
\BOOKMARK [1][-]{section.7}{Future Game Mechanics}{}% 16
\BOOKMARK [2][-]{subsection.7.1}{Game Mechanics}{section.7}% 17
\BOOKMARK [2][-]{subsection.7.2}{Audience and Platform}{section.7}% 18
\BOOKMARK [1][-]{section.8}{Conclusion}{}% 19
\BOOKMARK [1][-]{appendix.A}{Appendix}{}% 20
